[35m[Appium][39m Welcome to Appium v1.22.3
[35m[Appium][39m Non-default server args:
[35m[Appium][39m   port: 51324
[35m[Appium][39m   loglevel: info
[35m[Appium][39m   tmpDir: C:\Users\TX\AppData\Local\Temp\\Katalon\Appium\Temp1661506041312
[35m[Appium][39m   chromedriverPort: 51325
[35m[Appium][39m Deprecated server args:
[35m[Appium][39m   [31m--chromedriver-port[39m => --default-capabilities
[35m[Appium][39m Default capabilities, which will be added to each request unless overridden by desired capabilities:
[35m[Appium][39m   chromedriverPort: 51325
[35m[Appium][39m Appium REST http interface listener started on 0.0.0.0:51324
[35m[HTTP][39m [37m-->[39m [37mGET[39m [37m/wd/hub/status[39m
[35m[HTTP][39m [90m{}[39m
[35m[HTTP][39m [37m<-- GET /wd/hub/status [39m[32m200[39m [90m28 ms - 68[39m
[35m[HTTP][39m [90m[39m
[35m[HTTP][39m [37m-->[39m [37mGET[39m [37m/wd/hub/status[39m
[35m[HTTP][39m [90m{}[39m
[35m[HTTP][39m [37m<-- GET /wd/hub/status [39m[32m200[39m [90m1 ms - 68[39m
[35m[HTTP][39m [90m[39m
[35m[HTTP][39m [37m-->[39m [37mPOST[39m [37m/wd/hub/session[39m
[35m[HTTP][39m [90m{"desiredCapabilities":{"appActivity":".Settings","appPackage":"com.android.settings","newCommandTimeout":1800,"platformVersion":"11","automationName":"uiautomator2","autoGrantPermissions":true,"platformName":"Android","udid":"emulator-5554","deviceName":"emulator-5554 (Android SDK built for x86 - Android 11)","platform":"ANDROID","systemPort":8289},"capabilities":{"firstMatch":[{"appium:appActivity":".Settings","appium:appPackage":"com.android.settings","appium:autoGrantPermissions":true,"appium:automationName":"uiautomator2","appium:deviceName":"emulator-5554 (Android SDK built for x86 - Android 11)","appium:newCommandTimeout":1800,"platform":"ANDROID","platformName":"android","appium:platformVersion":"11","appium:systemPort":8289,"appium:udid":"emulator-5554"}]}}[39m
[35m[BaseDriver][39m The following capabilities are not standard capabilities and should have an extension prefix:
[35m[BaseDriver][39m   platform
[35m[BaseDriver][39m   chromedriverPort
[35m[Appium][39m Appium v1.22.3 creating new AndroidUiautomator2Driver (v1.70.1) session
[35m[BaseDriver][39m The following capabilities were provided, but are not recognized by Appium:
[35m[BaseDriver][39m   platform
[35m[BaseDriver][39m Session created with session id: 870ec5d1-e291-4785-8dcc-8ba31065a846
[35m[UiAutomator2][39m Starting 'com.android.settings' directly on the device
[35m[ADB][39m Found 2 'build-tools' folders under 'C:\Users\TX\AppData\Local\Android\Sdk' (newest first):
[35m[ADB][39m     C:/Users/TX/AppData/Local/Android/Sdk/build-tools/33.0.0
[35m[ADB][39m     C:/Users/TX/AppData/Local/Android/Sdk/build-tools/30.0.3
[35m[ADB][39m Using 'adb.exe' from 'C:\Users\TX\AppData\Local\Android\Sdk\platform-tools\adb.exe'
[35m[AndroidDriver][39m Retrieving device list
[35m[AndroidDriver][39m Using device: emulator-5554
[35m[ADB][39m Using 'adb.exe' from 'C:\Users\TX\AppData\Local\Android\Sdk\platform-tools\adb.exe'
[35m[ADB][39m Getting device platform version
[35m[UiAutomator2][39m Relaxing hidden api policy
[35m[AndroidDriver][39m No app sent in, not parsing package/activity
[35m[ADB][39m Using 'apksigner.jar' from 'C:\Users\TX\AppData\Local\Android\Sdk\build-tools\33.0.0\lib\apksigner.jar'
[35m[ADB][39m 'C:\Users\TX\AppData\Roaming\npm\node_modules\appium\node_modules\appium-uiautomator2-server\apks\appium-uiautomator2-server-v4.27.0.apk' is signed with the default certificate
[35m[ADB][39m 'C:\Users\TX\AppData\Roaming\npm\node_modules\appium\node_modules\appium-uiautomator2-server\apks\appium-uiautomator2-server-debug-androidTest.apk' is signed with the default certificate
[35m[UiAutomator2][39m Server packages are not going to be (re)installed
[35m[ADB][39m Adding packages ["io.appium.settings","io.appium.uiautomator2.server","io.appium.uiautomator2.server.test"] to Doze whitelist
[35m[UiAutomator2][39m Starting UIAutomator2 server 4.27.0
[35m[UiAutomator2][39m Using UIAutomator2 server from 'C:\Users\TX\AppData\Roaming\npm\node_modules\appium\node_modules\appium-uiautomator2-server\apks\appium-uiautomator2-server-v4.27.0.apk' and test from 'C:\Users\TX\AppData\Roaming\npm\node_modules\appium\node_modules\appium-uiautomator2-server\apks\appium-uiautomator2-server-debug-androidTest.apk'
[35m[UiAutomator2][39m Waiting up to 30000ms for UiAutomator2 to be online...
[35m[WD Proxy][39m socket hang up
[35m[WD Proxy][39m socket hang up
[35m[WD Proxy][39m socket hang up
[35m[WD Proxy][39m Determined the downstream protocol as 'W3C'
[35m[AndroidDriver][39m Screen already unlocked, doing nothing
[35m[UiAutomator2][39m Starting 'com.android.settings/.Settings and waiting for 'com.android.settings/.Settings'
[35m[Appium][39m New AndroidUiautomator2Driver session created successfully, session 870ec5d1-e291-4785-8dcc-8ba31065a846 added to master session list
[35m[HTTP][39m [37m<-- POST /wd/hub/session [39m[32m200[39m [90m10393 ms - 1206[39m
[35m[HTTP][39m [90m[39m
[35m[HTTP][39m [37m-->[39m [37mGET[39m [37m/wd/hub/session/870ec5d1-e291-4785-8dcc-8ba31065a846[39m
[35m[HTTP][39m [90m{}[39m
[35m[HTTP][39m [37m<-- GET /wd/hub/session/870ec5d1-e291-4785-8dcc-8ba31065a846 [39m[32m200[39m [90m8 ms - 1160[39m
[35m[HTTP][39m [90m[39m
[35m[HTTP][39m [37m-->[39m [37mGET[39m [37m/wd/hub/session/870ec5d1-e291-4785-8dcc-8ba31065a846[39m
[35m[HTTP][39m [90m{}[39m
[35m[HTTP][39m [37m<-- GET /wd/hub/session/870ec5d1-e291-4785-8dcc-8ba31065a846 [39m[32m200[39m [90m8 ms - 1160[39m
[35m[HTTP][39m [90m[39m
[35m[HTTP][39m [37m-->[39m [37mGET[39m [37m/wd/hub/status[39m
[35m[HTTP][39m [90m{}[39m
[35m[HTTP][39m [37m<-- GET /wd/hub/status [39m[32m200[39m [90m1 ms - 68[39m
[35m[HTTP][39m [90m[39m
[35m[HTTP][39m [37m-->[39m [37mPOST[39m [37m/wd/hub/session/870ec5d1-e291-4785-8dcc-8ba31065a846/timeouts[39m
[35m[HTTP][39m [90m{"implicit":60000}[39m
[35m[HTTP][39m [37m<-- POST /wd/hub/session/870ec5d1-e291-4785-8dcc-8ba31065a846/timeouts [39m[32m200[39m [90m2 ms - 14[39m
[35m[HTTP][39m [90m[39m
[35m[HTTP][39m [37m-->[39m [37mGET[39m [37m/wd/hub/session/870ec5d1-e291-4785-8dcc-8ba31065a846/screenshot[39m
[35m[HTTP][39m [90m{}[39m
[35m[HTTP][39m [37m<-- GET /wd/hub/session/870ec5d1-e291-4785-8dcc-8ba31065a846/screenshot [39m[32m200[39m [90m416 ms - 279774[39m
[35m[HTTP][39m [90m[39m
[35m[HTTP][39m [37m-->[39m [37mGET[39m [37m/wd/hub/session/870ec5d1-e291-4785-8dcc-8ba31065a846/window/rect[39m
[35m[HTTP][39m [90m{}[39m
[35m[HTTP][39m [37m<-- GET /wd/hub/session/870ec5d1-e291-4785-8dcc-8ba31065a846/window/rect [39m[32m200[39m [90m14 ms - 50[39m
[35m[HTTP][39m [90m[39m
[35m[HTTP][39m [37m-->[39m [37mGET[39m [37m/wd/hub/session/870ec5d1-e291-4785-8dcc-8ba31065a846/appium/device/system_bars[39m
[35m[HTTP][39m [90m{}[39m
[35m[HTTP][39m [37m<-- GET /wd/hub/session/870ec5d1-e291-4785-8dcc-8ba31065a846/appium/device/system_bars [39m[32m200[39m [90m67 ms - 148[39m
[35m[HTTP][39m [90m[39m
[35m[HTTP][39m [37m-->[39m [37mPOST[39m [37m/wd/hub/session/870ec5d1-e291-4785-8dcc-8ba31065a846/appium/device/activate_app[39m
[35m[HTTP][39m [90m{"bundleId":"com.experitest.ExperiBank"}[39m
[35m[HTTP][39m [37m<-- POST /wd/hub/session/870ec5d1-e291-4785-8dcc-8ba31065a846/appium/device/activate_app [39m[32m200[39m [90m380 ms - 14[39m
[35m[HTTP][39m [90m[39m
[35m[HTTP][39m [37m-->[39m [37mGET[39m [37m/wd/hub/session/870ec5d1-e291-4785-8dcc-8ba31065a846/source[39m
[35m[HTTP][39m [90m{}[39m
[35m[W3C (870ec5d1)][39m Driver proxy active, passing request on via HTTP proxy
[35m[WD Proxy][39m Replacing sessionId 44d56581-b7e0-43bb-ba79-1a54e2685c6a with 870ec5d1-e291-4785-8dcc-8ba31065a846
[35m[HTTP][39m [37m<-- GET /wd/hub/session/870ec5d1-e291-4785-8dcc-8ba31065a846/source [39m[32m200[39m [90m996 ms - 6837[39m
[35m[HTTP][39m [90m[39m
[35m[HTTP][39m [37m-->[39m [37mGET[39m [37m/wd/hub/session/870ec5d1-e291-4785-8dcc-8ba31065a846/screenshot[39m
[35m[HTTP][39m [90m{}[39m
[35m[HTTP][39m [37m<-- GET /wd/hub/session/870ec5d1-e291-4785-8dcc-8ba31065a846/screenshot [39m[32m200[39m [90m355 ms - 351600[39m
[35m[HTTP][39m [90m[39m
[35m[HTTP][39m [37m-->[39m [37mPOST[39m [37m/wd/hub/session/870ec5d1-e291-4785-8dcc-8ba31065a846/elements[39m
[35m[HTTP][39m [90m{"using":"xpath","value":"//*[@class = 'android.widget.EditText' and (@text = 'Username' or . = 'Username') and @resource-id = 'com.experitest.ExperiBank:id/usernameTextField']"}[39m
[35m[HTTP][39m [37m<-- POST /wd/hub/session/870ec5d1-e291-4785-8dcc-8ba31065a846/elements [39m[32m200[39m [90m617 ms - 139[39m
[35m[HTTP][39m [90m[39m
[35m[HTTP][39m [37m-->[39m [37mGET[39m [37m/wd/hub/session/870ec5d1-e291-4785-8dcc-8ba31065a846/window/rect[39m
[35m[HTTP][39m [90m{}[39m
[35m[HTTP][39m [37m<-- GET /wd/hub/session/870ec5d1-e291-4785-8dcc-8ba31065a846/window/rect [39m[32m200[39m [90m13 ms - 50[39m
[35m[HTTP][39m [90m[39m
[35m[HTTP][39m [37m-->[39m [37mPOST[39m [37m/wd/hub/session/870ec5d1-e291-4785-8dcc-8ba31065a846/elements[39m
[35m[HTTP][39m [90m{"using":"xpath","value":"//*[@class = 'android.widget.EditText' and (@text = 'Username' or . = 'Username') and @resource-id = 'com.experitest.ExperiBank:id/usernameTextField']"}[39m
[35m[HTTP][39m [37m<-- POST /wd/hub/session/870ec5d1-e291-4785-8dcc-8ba31065a846/elements [39m[32m200[39m [90m80 ms - 139[39m
[35m[HTTP][39m [90m[39m
[35m[HTTP][39m [37m-->[39m [37mGET[39m [37m/wd/hub/session/870ec5d1-e291-4785-8dcc-8ba31065a846/element/00000000-0000-0064-ffff-ffff0000000a/location[39m
[35m[HTTP][39m [90m{}[39m
[35m[W3C (870ec5d1)][39m Driver proxy active, passing request on via HTTP proxy
[35m[WD Proxy][39m Replacing sessionId 44d56581-b7e0-43bb-ba79-1a54e2685c6a with 870ec5d1-e291-4785-8dcc-8ba31065a846
[35m[HTTP][39m [37m<-- GET /wd/hub/session/870ec5d1-e291-4785-8dcc-8ba31065a846/element/00000000-0000-0064-ffff-ffff0000000a/location [39m[32m200[39m [90m16 ms - 77[39m
[35m[HTTP][39m [90m[39m
[35m[HTTP][39m [37m-->[39m [37mPOST[39m [37m/wd/hub/session/870ec5d1-e291-4785-8dcc-8ba31065a846/element/00000000-0000-0064-ffff-ffff0000000a/clear[39m
[35m[HTTP][39m [90m{"id":"00000000-0000-0064-ffff-ffff0000000a"}[39m
[35m[HTTP][39m [37m<-- POST /wd/hub/session/870ec5d1-e291-4785-8dcc-8ba31065a846/element/00000000-0000-0064-ffff-ffff0000000a/clear [39m[32m200[39m [90m13 ms - 14[39m
[35m[HTTP][39m [90m[39m
[35m[HTTP][39m [37m-->[39m [37mPOST[39m [37m/wd/hub/session/870ec5d1-e291-4785-8dcc-8ba31065a846/element/00000000-0000-0064-ffff-ffff0000000a/value[39m
[35m[HTTP][39m [90m{"id":"00000000-0000-0064-ffff-ffff0000000a","text":"company","value":["c","o","m","p","a","n","y"]}[39m
[35m[HTTP][39m [37m<-- POST /wd/hub/session/870ec5d1-e291-4785-8dcc-8ba31065a846/element/00000000-0000-0064-ffff-ffff0000000a/value [39m[32m200[39m [90m1017 ms - 14[39m
[35m[HTTP][39m [90m[39m
[35m[HTTP][39m [37m-->[39m [37mGET[39m [37m/wd/hub/session/870ec5d1-e291-4785-8dcc-8ba31065a846/source[39m
[35m[HTTP][39m [90m{}[39m
[35m[W3C (870ec5d1)][39m Driver proxy active, passing request on via HTTP proxy
[35m[WD Proxy][39m Replacing sessionId 44d56581-b7e0-43bb-ba79-1a54e2685c6a with 870ec5d1-e291-4785-8dcc-8ba31065a846
[35m[HTTP][39m [37m<-- GET /wd/hub/session/870ec5d1-e291-4785-8dcc-8ba31065a846/source [39m[32m200[39m [90m44 ms - 6836[39m
[35m[HTTP][39m [90m[39m
[35m[HTTP][39m [37m-->[39m [37mGET[39m [37m/wd/hub/session/870ec5d1-e291-4785-8dcc-8ba31065a846/screenshot[39m
[35m[HTTP][39m [90m{}[39m
[35m[HTTP][39m [37m<-- GET /wd/hub/session/870ec5d1-e291-4785-8dcc-8ba31065a846/screenshot [39m[32m200[39m [90m361 ms - 354202[39m
[35m[HTTP][39m [90m[39m
[35m[HTTP][39m [37m-->[39m [37mPOST[39m [37m/wd/hub/session/870ec5d1-e291-4785-8dcc-8ba31065a846/elements[39m
[35m[HTTP][39m [90m{"using":"xpath","value":"//*[@class = 'android.widget.EditText' and (@text = 'Password' or . = 'Password') and @resource-id = 'com.experitest.ExperiBank:id/passwordTextField']"}[39m
[35m[HTTP][39m [37m<-- POST /wd/hub/session/870ec5d1-e291-4785-8dcc-8ba31065a846/elements [39m[32m200[39m [90m70 ms - 139[39m
[35m[HTTP][39m [90m[39m
[35m[HTTP][39m [37m-->[39m [37mGET[39m [37m/wd/hub/session/870ec5d1-e291-4785-8dcc-8ba31065a846/window/rect[39m
[35m[HTTP][39m [90m{}[39m
[35m[HTTP][39m [37m<-- GET /wd/hub/session/870ec5d1-e291-4785-8dcc-8ba31065a846/window/rect [39m[32m200[39m [90m9 ms - 50[39m
[35m[HTTP][39m [90m[39m
[35m[HTTP][39m [37m-->[39m [37mPOST[39m [37m/wd/hub/session/870ec5d1-e291-4785-8dcc-8ba31065a846/elements[39m
[35m[HTTP][39m [90m{"using":"xpath","value":"//*[@class = 'android.widget.EditText' and (@text = 'Password' or . = 'Password') and @resource-id = 'com.experitest.ExperiBank:id/passwordTextField']"}[39m
[35m[HTTP][39m [37m<-- POST /wd/hub/session/870ec5d1-e291-4785-8dcc-8ba31065a846/elements [39m[32m200[39m [90m57 ms - 139[39m
[35m[HTTP][39m [90m[39m
[35m[HTTP][39m [37m-->[39m [37mGET[39m [37m/wd/hub/session/870ec5d1-e291-4785-8dcc-8ba31065a846/element/00000000-0000-0064-ffff-ffff0000000c/location[39m
[35m[HTTP][39m [90m{}[39m
[35m[W3C (870ec5d1)][39m Driver proxy active, passing request on via HTTP proxy
[35m[WD Proxy][39m Replacing sessionId 44d56581-b7e0-43bb-ba79-1a54e2685c6a with 870ec5d1-e291-4785-8dcc-8ba31065a846
[35m[HTTP][39m [37m<-- GET /wd/hub/session/870ec5d1-e291-4785-8dcc-8ba31065a846/element/00000000-0000-0064-ffff-ffff0000000c/location [39m[32m200[39m [90m10 ms - 77[39m
[35m[HTTP][39m [90m[39m
[35m[HTTP][39m [37m-->[39m [37mPOST[39m [37m/wd/hub/session/870ec5d1-e291-4785-8dcc-8ba31065a846/element/00000000-0000-0064-ffff-ffff0000000c/clear[39m
[35m[HTTP][39m [90m{"id":"00000000-0000-0064-ffff-ffff0000000c"}[39m
[35m[HTTP][39m [37m<-- POST /wd/hub/session/870ec5d1-e291-4785-8dcc-8ba31065a846/element/00000000-0000-0064-ffff-ffff0000000c/clear [39m[32m200[39m [90m11 ms - 14[39m
[35m[HTTP][39m [90m[39m
[35m[HTTP][39m [37m-->[39m [37mPOST[39m [37m/wd/hub/session/870ec5d1-e291-4785-8dcc-8ba31065a846/element/00000000-0000-0064-ffff-ffff0000000c/value[39m
[35m[HTTP][39m [90m{"id":"00000000-0000-0064-ffff-ffff0000000c","text":"company","value":["c","o","m","p","a","n","y"]}[39m
[35m[HTTP][39m [37m<-- POST /wd/hub/session/870ec5d1-e291-4785-8dcc-8ba31065a846/element/00000000-0000-0064-ffff-ffff0000000c/value [39m[32m200[39m [90m523 ms - 14[39m
[35m[HTTP][39m [90m[39m
[35m[HTTP][39m [37m-->[39m [37mGET[39m [37m/wd/hub/session/870ec5d1-e291-4785-8dcc-8ba31065a846/source[39m
[35m[HTTP][39m [90m{}[39m
[35m[W3C (870ec5d1)][39m Driver proxy active, passing request on via HTTP proxy
[35m[WD Proxy][39m Replacing sessionId 44d56581-b7e0-43bb-ba79-1a54e2685c6a with 870ec5d1-e291-4785-8dcc-8ba31065a846
[35m[HTTP][39m [37m<-- GET /wd/hub/session/870ec5d1-e291-4785-8dcc-8ba31065a846/source [39m[32m200[39m [90m29 ms - 6849[39m
[35m[HTTP][39m [90m[39m
[35m[HTTP][39m [37m-->[39m [37mGET[39m [37m/wd/hub/session/870ec5d1-e291-4785-8dcc-8ba31065a846/screenshot[39m
[35m[HTTP][39m [90m{}[39m
[35m[HTTP][39m [37m<-- GET /wd/hub/session/870ec5d1-e291-4785-8dcc-8ba31065a846/screenshot [39m[32m200[39m [90m358 ms - 345704[39m
[35m[HTTP][39m [90m[39m
[35m[HTTP][39m [37m-->[39m [37mPOST[39m [37m/wd/hub/session/870ec5d1-e291-4785-8dcc-8ba31065a846/elements[39m
[35m[HTTP][39m [90m{"using":"xpath","value":"//*[@class = 'android.widget.Button' and (@text = 'Login' or . = 'Login') and @resource-id = 'com.experitest.ExperiBank:id/loginButton']"}[39m
[35m[HTTP][39m [37m<-- POST /wd/hub/session/870ec5d1-e291-4785-8dcc-8ba31065a846/elements [39m[32m200[39m [90m49 ms - 139[39m
[35m[HTTP][39m [90m[39m
[35m[HTTP][39m [37m-->[39m [37mGET[39m [37m/wd/hub/session/870ec5d1-e291-4785-8dcc-8ba31065a846/window/rect[39m
[35m[HTTP][39m [90m{}[39m
[35m[HTTP][39m [37m<-- GET /wd/hub/session/870ec5d1-e291-4785-8dcc-8ba31065a846/window/rect [39m[32m200[39m [90m8 ms - 50[39m
[35m[HTTP][39m [90m[39m
[35m[HTTP][39m [37m-->[39m [37mPOST[39m [37m/wd/hub/session/870ec5d1-e291-4785-8dcc-8ba31065a846/elements[39m
[35m[HTTP][39m [90m{"using":"xpath","value":"//*[@class = 'android.widget.Button' and (@text = 'Login' or . = 'Login') and @resource-id = 'com.experitest.ExperiBank:id/loginButton']"}[39m
[35m[HTTP][39m [37m<-- POST /wd/hub/session/870ec5d1-e291-4785-8dcc-8ba31065a846/elements [39m[32m200[39m [90m58 ms - 139[39m
[35m[HTTP][39m [90m[39m
[35m[HTTP][39m [37m-->[39m [37mGET[39m [37m/wd/hub/session/870ec5d1-e291-4785-8dcc-8ba31065a846/element/00000000-0000-0064-ffff-ffff0000000d/location[39m
[35m[HTTP][39m [90m{}[39m
[35m[W3C (870ec5d1)][39m Driver proxy active, passing request on via HTTP proxy
[35m[WD Proxy][39m Replacing sessionId 44d56581-b7e0-43bb-ba79-1a54e2685c6a with 870ec5d1-e291-4785-8dcc-8ba31065a846
[35m[HTTP][39m [37m<-- GET /wd/hub/session/870ec5d1-e291-4785-8dcc-8ba31065a846/element/00000000-0000-0064-ffff-ffff0000000d/location [39m[32m200[39m [90m12 ms - 78[39m
[35m[HTTP][39m [90m[39m
[35m[HTTP][39m [37m-->[39m [37mPOST[39m [37m/wd/hub/session/870ec5d1-e291-4785-8dcc-8ba31065a846/element/00000000-0000-0064-ffff-ffff0000000d/click[39m
[35m[HTTP][39m [90m{"id":"00000000-0000-0064-ffff-ffff0000000d"}[39m
[35m[HTTP][39m [37m<-- POST /wd/hub/session/870ec5d1-e291-4785-8dcc-8ba31065a846/element/00000000-0000-0064-ffff-ffff0000000d/click [39m[32m200[39m [90m93 ms - 14[39m
[35m[HTTP][39m [90m[39m
[35m[HTTP][39m [37m-->[39m [37mGET[39m [37m/wd/hub/session/870ec5d1-e291-4785-8dcc-8ba31065a846/source[39m
[35m[HTTP][39m [90m{}[39m
[35m[W3C (870ec5d1)][39m Driver proxy active, passing request on via HTTP proxy
[35m[WD Proxy][39m Replacing sessionId 44d56581-b7e0-43bb-ba79-1a54e2685c6a with 870ec5d1-e291-4785-8dcc-8ba31065a846
[35m[HTTP][39m [37m<-- GET /wd/hub/session/870ec5d1-e291-4785-8dcc-8ba31065a846/source [39m[32m200[39m [90m726 ms - 8124[39m
[35m[HTTP][39m [90m[39m
[35m[HTTP][39m [37m-->[39m [37mGET[39m [37m/wd/hub/session/870ec5d1-e291-4785-8dcc-8ba31065a846/screenshot[39m
[35m[HTTP][39m [90m{}[39m
[35m[HTTP][39m [37m<-- GET /wd/hub/session/870ec5d1-e291-4785-8dcc-8ba31065a846/screenshot [39m[32m200[39m [90m371 ms - 408498[39m
[35m[HTTP][39m [90m[39m
[35m[HTTP][39m [37m-->[39m [37mPOST[39m [37m/wd/hub/session/870ec5d1-e291-4785-8dcc-8ba31065a846/elements[39m
[35m[HTTP][39m [90m{"using":"xpath","value":"//*[@class = 'android.widget.Button' and (@text = 'Make Payment' or . = 'Make Payment') and @resource-id = 'com.experitest.ExperiBank:id/makePaymentButton']"}[39m
[35m[HTTP][39m [37m<-- POST /wd/hub/session/870ec5d1-e291-4785-8dcc-8ba31065a846/elements [39m[32m200[39m [90m66 ms - 139[39m
[35m[HTTP][39m [90m[39m
[35m[HTTP][39m [37m-->[39m [37mGET[39m [37m/wd/hub/session/870ec5d1-e291-4785-8dcc-8ba31065a846/window/rect[39m
[35m[HTTP][39m [90m{}[39m
[35m[HTTP][39m [37m<-- GET /wd/hub/session/870ec5d1-e291-4785-8dcc-8ba31065a846/window/rect [39m[32m200[39m [90m5 ms - 50[39m
[35m[HTTP][39m [90m[39m
[35m[HTTP][39m [37m-->[39m [37mPOST[39m [37m/wd/hub/session/870ec5d1-e291-4785-8dcc-8ba31065a846/elements[39m
[35m[HTTP][39m [90m{"using":"xpath","value":"//*[@class = 'android.widget.Button' and (@text = 'Make Payment' or . = 'Make Payment') and @resource-id = 'com.experitest.ExperiBank:id/makePaymentButton']"}[39m
[35m[HTTP][39m [37m<-- POST /wd/hub/session/870ec5d1-e291-4785-8dcc-8ba31065a846/elements [39m[32m200[39m [90m65 ms - 139[39m
[35m[HTTP][39m [90m[39m
[35m[HTTP][39m [37m-->[39m [37mGET[39m [37m/wd/hub/session/870ec5d1-e291-4785-8dcc-8ba31065a846/element/00000000-0000-0066-ffff-ffff0000001c/location[39m
[35m[HTTP][39m [90m{}[39m
[35m[W3C (870ec5d1)][39m Driver proxy active, passing request on via HTTP proxy
[35m[WD Proxy][39m Replacing sessionId 44d56581-b7e0-43bb-ba79-1a54e2685c6a with 870ec5d1-e291-4785-8dcc-8ba31065a846
[35m[HTTP][39m [37m<-- GET /wd/hub/session/870ec5d1-e291-4785-8dcc-8ba31065a846/element/00000000-0000-0066-ffff-ffff0000001c/location [39m[32m200[39m [90m9 ms - 78[39m
[35m[HTTP][39m [90m[39m
[35m[HTTP][39m [37m-->[39m [37mPOST[39m [37m/wd/hub/session/870ec5d1-e291-4785-8dcc-8ba31065a846/element/00000000-0000-0066-ffff-ffff0000001c/click[39m
[35m[HTTP][39m [90m{"id":"00000000-0000-0066-ffff-ffff0000001c"}[39m
[35m[HTTP][39m [37m<-- POST /wd/hub/session/870ec5d1-e291-4785-8dcc-8ba31065a846/element/00000000-0000-0066-ffff-ffff0000001c/click [39m[32m200[39m [90m78 ms - 14[39m
[35m[HTTP][39m [90m[39m
[35m[HTTP][39m [37m-->[39m [37mGET[39m [37m/wd/hub/session/870ec5d1-e291-4785-8dcc-8ba31065a846/source[39m
[35m[HTTP][39m [90m{}[39m
[35m[W3C (870ec5d1)][39m Driver proxy active, passing request on via HTTP proxy
[35m[WD Proxy][39m Replacing sessionId 44d56581-b7e0-43bb-ba79-1a54e2685c6a with 870ec5d1-e291-4785-8dcc-8ba31065a846
[35m[HTTP][39m [37m<-- GET /wd/hub/session/870ec5d1-e291-4785-8dcc-8ba31065a846/source [39m[32m200[39m [90m174 ms - 9113[39m
[35m[HTTP][39m [90m[39m
[35m[HTTP][39m [37m-->[39m [37mGET[39m [37m/wd/hub/session/870ec5d1-e291-4785-8dcc-8ba31065a846/screenshot[39m
[35m[HTTP][39m [90m{}[39m
[35m[HTTP][39m [37m<-- GET /wd/hub/session/870ec5d1-e291-4785-8dcc-8ba31065a846/screenshot [39m[32m200[39m [90m353 ms - 357200[39m
[35m[HTTP][39m [90m[39m
[35m[HTTP][39m [37m-->[39m [37mPOST[39m [37m/wd/hub/session/870ec5d1-e291-4785-8dcc-8ba31065a846/elements[39m
[35m[HTTP][39m [90m{"using":"xpath","value":"//*[@class = 'android.widget.EditText' and (@text = 'Phone' or . = 'Phone') and @resource-id = 'com.experitest.ExperiBank:id/phoneTextField']"}[39m
[35m[HTTP][39m [37m<-- POST /wd/hub/session/870ec5d1-e291-4785-8dcc-8ba31065a846/elements [39m[32m200[39m [90m64 ms - 139[39m
[35m[HTTP][39m [90m[39m
[35m[HTTP][39m [37m-->[39m [37mGET[39m [37m/wd/hub/session/870ec5d1-e291-4785-8dcc-8ba31065a846/window/rect[39m
[35m[HTTP][39m [90m{}[39m
[35m[HTTP][39m [37m<-- GET /wd/hub/session/870ec5d1-e291-4785-8dcc-8ba31065a846/window/rect [39m[32m200[39m [90m6 ms - 50[39m
[35m[HTTP][39m [90m[39m
[35m[HTTP][39m [37m-->[39m [37mPOST[39m [37m/wd/hub/session/870ec5d1-e291-4785-8dcc-8ba31065a846/elements[39m
[35m[HTTP][39m [90m{"using":"xpath","value":"//*[@class = 'android.widget.EditText' and (@text = 'Phone' or . = 'Phone') and @resource-id = 'com.experitest.ExperiBank:id/phoneTextField']"}[39m
[35m[HTTP][39m [37m<-- POST /wd/hub/session/870ec5d1-e291-4785-8dcc-8ba31065a846/elements [39m[32m200[39m [90m64 ms - 139[39m
[35m[HTTP][39m [90m[39m
[35m[HTTP][39m [37m-->[39m [37mGET[39m [37m/wd/hub/session/870ec5d1-e291-4785-8dcc-8ba31065a846/element/00000000-0000-0067-ffff-ffff0000002d/location[39m
[35m[HTTP][39m [90m{}[39m
[35m[W3C (870ec5d1)][39m Driver proxy active, passing request on via HTTP proxy
[35m[WD Proxy][39m Replacing sessionId 44d56581-b7e0-43bb-ba79-1a54e2685c6a with 870ec5d1-e291-4785-8dcc-8ba31065a846
[35m[HTTP][39m [37m<-- GET /wd/hub/session/870ec5d1-e291-4785-8dcc-8ba31065a846/element/00000000-0000-0067-ffff-ffff0000002d/location [39m[32m200[39m [90m41 ms - 77[39m
[35m[HTTP][39m [90m[39m
[35m[HTTP][39m [37m-->[39m [37mPOST[39m [37m/wd/hub/session/870ec5d1-e291-4785-8dcc-8ba31065a846/element/00000000-0000-0067-ffff-ffff0000002d/clear[39m
[35m[HTTP][39m [90m{"id":"00000000-0000-0067-ffff-ffff0000002d"}[39m
[35m[HTTP][39m [37m<-- POST /wd/hub/session/870ec5d1-e291-4785-8dcc-8ba31065a846/element/00000000-0000-0067-ffff-ffff0000002d/clear [39m[32m200[39m [90m14 ms - 14[39m
[35m[HTTP][39m [90m[39m
[35m[HTTP][39m [37m-->[39m [37mPOST[39m [37m/wd/hub/session/870ec5d1-e291-4785-8dcc-8ba31065a846/element/00000000-0000-0067-ffff-ffff0000002d/value[39m
[35m[HTTP][39m [90m{"id":"00000000-0000-0067-ffff-ffff0000002d","text":"6377720770","value":["6","3","7","7","7","2","0","7","7","0"]}[39m
[35m[HTTP][39m [37m<-- POST /wd/hub/session/870ec5d1-e291-4785-8dcc-8ba31065a846/element/00000000-0000-0067-ffff-ffff0000002d/value [39m[32m200[39m [90m554 ms - 14[39m
[35m[HTTP][39m [90m[39m
[35m[HTTP][39m [37m-->[39m [37mGET[39m [37m/wd/hub/session/870ec5d1-e291-4785-8dcc-8ba31065a846/source[39m
[35m[HTTP][39m [90m{}[39m
[35m[W3C (870ec5d1)][39m Driver proxy active, passing request on via HTTP proxy
[35m[WD Proxy][39m Replacing sessionId 44d56581-b7e0-43bb-ba79-1a54e2685c6a with 870ec5d1-e291-4785-8dcc-8ba31065a846
[35m[HTTP][39m [37m<-- GET /wd/hub/session/870ec5d1-e291-4785-8dcc-8ba31065a846/source [39m[32m200[39m [90m37 ms - 9118[39m
[35m[HTTP][39m [90m[39m
[35m[HTTP][39m [37m-->[39m [37mGET[39m [37m/wd/hub/session/870ec5d1-e291-4785-8dcc-8ba31065a846/screenshot[39m
[35m[HTTP][39m [90m{}[39m
[35m[HTTP][39m [37m<-- GET /wd/hub/session/870ec5d1-e291-4785-8dcc-8ba31065a846/screenshot [39m[32m200[39m [90m354 ms - 361608[39m
[35m[HTTP][39m [90m[39m
[35m[HTTP][39m [37m-->[39m [37mPOST[39m [37m/wd/hub/session/870ec5d1-e291-4785-8dcc-8ba31065a846/elements[39m
[35m[HTTP][39m [90m{"using":"xpath","value":"//*[@class = 'android.widget.EditText' and (@text = 'Name' or . = 'Name') and @resource-id = 'com.experitest.ExperiBank:id/nameTextField']"}[39m
[35m[HTTP][39m [37m<-- POST /wd/hub/session/870ec5d1-e291-4785-8dcc-8ba31065a846/elements [39m[32m200[39m [90m69 ms - 139[39m
[35m[HTTP][39m [90m[39m
[35m[HTTP][39m [37m-->[39m [37mGET[39m [37m/wd/hub/session/870ec5d1-e291-4785-8dcc-8ba31065a846/window/rect[39m
[35m[HTTP][39m [90m{}[39m
[35m[HTTP][39m [37m<-- GET /wd/hub/session/870ec5d1-e291-4785-8dcc-8ba31065a846/window/rect [39m[32m200[39m [90m6 ms - 50[39m
[35m[HTTP][39m [90m[39m
[35m[HTTP][39m [37m-->[39m [37mPOST[39m [37m/wd/hub/session/870ec5d1-e291-4785-8dcc-8ba31065a846/elements[39m
[35m[HTTP][39m [90m{"using":"xpath","value":"//*[@class = 'android.widget.EditText' and (@text = 'Name' or . = 'Name') and @resource-id = 'com.experitest.ExperiBank:id/nameTextField']"}[39m
[35m[HTTP][39m [37m<-- POST /wd/hub/session/870ec5d1-e291-4785-8dcc-8ba31065a846/elements [39m[32m200[39m [90m68 ms - 139[39m
[35m[HTTP][39m [90m[39m
[35m[HTTP][39m [37m-->[39m [37mGET[39m [37m/wd/hub/session/870ec5d1-e291-4785-8dcc-8ba31065a846/element/00000000-0000-0067-ffff-ffff0000002f/location[39m
[35m[HTTP][39m [90m{}[39m
[35m[W3C (870ec5d1)][39m Driver proxy active, passing request on via HTTP proxy
[35m[WD Proxy][39m Replacing sessionId 44d56581-b7e0-43bb-ba79-1a54e2685c6a with 870ec5d1-e291-4785-8dcc-8ba31065a846
[35m[HTTP][39m [37m<-- GET /wd/hub/session/870ec5d1-e291-4785-8dcc-8ba31065a846/element/00000000-0000-0067-ffff-ffff0000002f/location [39m[32m200[39m [90m11 ms - 77[39m
[35m[HTTP][39m [90m[39m
[35m[HTTP][39m [37m-->[39m [37mPOST[39m [37m/wd/hub/session/870ec5d1-e291-4785-8dcc-8ba31065a846/element/00000000-0000-0067-ffff-ffff0000002f/clear[39m
[35m[HTTP][39m [90m{"id":"00000000-0000-0067-ffff-ffff0000002f"}[39m
[35m[HTTP][39m [37m<-- POST /wd/hub/session/870ec5d1-e291-4785-8dcc-8ba31065a846/element/00000000-0000-0067-ffff-ffff0000002f/clear [39m[32m200[39m [90m10 ms - 14[39m
[35m[HTTP][39m [90m[39m
[35m[HTTP][39m [37m-->[39m [37mPOST[39m [37m/wd/hub/session/870ec5d1-e291-4785-8dcc-8ba31065a846/element/00000000-0000-0067-ffff-ffff0000002f/value[39m
[35m[HTTP][39m [90m{"id":"00000000-0000-0067-ffff-ffff0000002f","text":"Aniket","value":["A","n","i","k","e","t"]}[39m
[35m[HTTP][39m [37m<-- POST /wd/hub/session/870ec5d1-e291-4785-8dcc-8ba31065a846/element/00000000-0000-0067-ffff-ffff0000002f/value [39m[32m200[39m [90m1044 ms - 14[39m
[35m[HTTP][39m [90m[39m
[35m[HTTP][39m [37m-->[39m [37mGET[39m [37m/wd/hub/session/870ec5d1-e291-4785-8dcc-8ba31065a846/source[39m
[35m[HTTP][39m [90m{}[39m
[35m[W3C (870ec5d1)][39m Driver proxy active, passing request on via HTTP proxy
[35m[WD Proxy][39m Replacing sessionId 44d56581-b7e0-43bb-ba79-1a54e2685c6a with 870ec5d1-e291-4785-8dcc-8ba31065a846
[35m[HTTP][39m [37m<-- GET /wd/hub/session/870ec5d1-e291-4785-8dcc-8ba31065a846/source [39m[32m200[39m [90m38 ms - 9120[39m
[35m[HTTP][39m [90m[39m
[35m[HTTP][39m [37m-->[39m [37mGET[39m [37m/wd/hub/session/870ec5d1-e291-4785-8dcc-8ba31065a846/screenshot[39m
[35m[HTTP][39m [90m{}[39m
[35m[HTTP][39m [37m<-- GET /wd/hub/session/870ec5d1-e291-4785-8dcc-8ba31065a846/screenshot [39m[32m200[39m [90m368 ms - 362634[39m
[35m[HTTP][39m [90m[39m
[35m[HTTP][39m [37m-->[39m [37mPOST[39m [37m/wd/hub/session/870ec5d1-e291-4785-8dcc-8ba31065a846/elements[39m
[35m[HTTP][39m [90m{"using":"xpath","value":"//*[@class = 'android.widget.EditText' and (@text = 'Amount' or . = 'Amount') and @resource-id = 'com.experitest.ExperiBank:id/amountTextField']"}[39m
[35m[HTTP][39m [37m<-- POST /wd/hub/session/870ec5d1-e291-4785-8dcc-8ba31065a846/elements [39m[32m200[39m [90m66 ms - 139[39m
[35m[HTTP][39m [90m[39m
[35m[HTTP][39m [37m-->[39m [37mGET[39m [37m/wd/hub/session/870ec5d1-e291-4785-8dcc-8ba31065a846/window/rect[39m
[35m[HTTP][39m [90m{}[39m
[35m[HTTP][39m [37m<-- GET /wd/hub/session/870ec5d1-e291-4785-8dcc-8ba31065a846/window/rect [39m[32m200[39m [90m9 ms - 50[39m
[35m[HTTP][39m [90m[39m
[35m[HTTP][39m [37m-->[39m [37mPOST[39m [37m/wd/hub/session/870ec5d1-e291-4785-8dcc-8ba31065a846/elements[39m
[35m[HTTP][39m [90m{"using":"xpath","value":"//*[@class = 'android.widget.EditText' and (@text = 'Amount' or . = 'Amount') and @resource-id = 'com.experitest.ExperiBank:id/amountTextField']"}[39m
[35m[HTTP][39m [37m<-- POST /wd/hub/session/870ec5d1-e291-4785-8dcc-8ba31065a846/elements [39m[32m200[39m [90m65 ms - 139[39m
[35m[HTTP][39m [90m[39m
[35m[HTTP][39m [37m-->[39m [37mGET[39m [37m/wd/hub/session/870ec5d1-e291-4785-8dcc-8ba31065a846/element/00000000-0000-0067-ffff-ffff00000031/location[39m
[35m[HTTP][39m [90m{}[39m
[35m[W3C (870ec5d1)][39m Driver proxy active, passing request on via HTTP proxy
[35m[WD Proxy][39m Replacing sessionId 44d56581-b7e0-43bb-ba79-1a54e2685c6a with 870ec5d1-e291-4785-8dcc-8ba31065a846
[35m[HTTP][39m [37m<-- GET /wd/hub/session/870ec5d1-e291-4785-8dcc-8ba31065a846/element/00000000-0000-0067-ffff-ffff00000031/location [39m[32m200[39m [90m10 ms - 77[39m
[35m[HTTP][39m [90m[39m
[35m[HTTP][39m [37m-->[39m [37mPOST[39m [37m/wd/hub/session/870ec5d1-e291-4785-8dcc-8ba31065a846/element/00000000-0000-0067-ffff-ffff00000031/clear[39m
[35m[HTTP][39m [90m{"id":"00000000-0000-0067-ffff-ffff00000031"}[39m
[35m[HTTP][39m [37m<-- POST /wd/hub/session/870ec5d1-e291-4785-8dcc-8ba31065a846/element/00000000-0000-0067-ffff-ffff00000031/clear [39m[32m200[39m [90m10 ms - 14[39m
[35m[HTTP][39m [90m[39m
[35m[HTTP][39m [37m-->[39m [37mPOST[39m [37m/wd/hub/session/870ec5d1-e291-4785-8dcc-8ba31065a846/element/00000000-0000-0067-ffff-ffff00000031/value[39m
[35m[HTTP][39m [90m{"id":"00000000-0000-0067-ffff-ffff00000031","text":"200","value":["2","0","0"]}[39m
[35m[HTTP][39m [37m<-- POST /wd/hub/session/870ec5d1-e291-4785-8dcc-8ba31065a846/element/00000000-0000-0067-ffff-ffff00000031/value [39m[32m200[39m [90m1021 ms - 14[39m
[35m[HTTP][39m [90m[39m
[35m[HTTP][39m [37m-->[39m [37mGET[39m [37m/wd/hub/session/870ec5d1-e291-4785-8dcc-8ba31065a846/source[39m
[35m[HTTP][39m [90m{}[39m
[35m[W3C (870ec5d1)][39m Driver proxy active, passing request on via HTTP proxy
[35m[WD Proxy][39m Replacing sessionId 44d56581-b7e0-43bb-ba79-1a54e2685c6a with 870ec5d1-e291-4785-8dcc-8ba31065a846
[35m[HTTP][39m [37m<-- GET /wd/hub/session/870ec5d1-e291-4785-8dcc-8ba31065a846/source [39m[32m200[39m [90m28 ms - 9117[39m
[35m[HTTP][39m [90m[39m
[35m[HTTP][39m [37m-->[39m [37mGET[39m [37m/wd/hub/session/870ec5d1-e291-4785-8dcc-8ba31065a846/screenshot[39m
[35m[HTTP][39m [90m{}[39m
[35m[HTTP][39m [37m<-- GET /wd/hub/session/870ec5d1-e291-4785-8dcc-8ba31065a846/screenshot [39m[32m200[39m [90m358 ms - 360450[39m
[35m[HTTP][39m [90m[39m
[35m[HTTP][39m [37m-->[39m [37mPOST[39m [37m/wd/hub/session/870ec5d1-e291-4785-8dcc-8ba31065a846/elements[39m
[35m[HTTP][39m [90m{"using":"xpath","value":"//*[@class = 'android.widget.Button' and (@text = 'Select' or . = 'Select') and @resource-id = 'com.experitest.ExperiBank:id/countryButton']"}[39m
[35m[HTTP][39m [37m<-- POST /wd/hub/session/870ec5d1-e291-4785-8dcc-8ba31065a846/elements [39m[32m200[39m [90m55 ms - 139[39m
[35m[HTTP][39m [90m[39m
[35m[HTTP][39m [37m-->[39m [37mGET[39m [37m/wd/hub/session/870ec5d1-e291-4785-8dcc-8ba31065a846/window/rect[39m
[35m[HTTP][39m [90m{}[39m
[35m[HTTP][39m [37m<-- GET /wd/hub/session/870ec5d1-e291-4785-8dcc-8ba31065a846/window/rect [39m[32m200[39m [90m7 ms - 50[39m
[35m[HTTP][39m [90m[39m
[35m[HTTP][39m [37m-->[39m [37mPOST[39m [37m/wd/hub/session/870ec5d1-e291-4785-8dcc-8ba31065a846/elements[39m
[35m[HTTP][39m [90m{"using":"xpath","value":"//*[@class = 'android.widget.Button' and (@text = 'Select' or . = 'Select') and @resource-id = 'com.experitest.ExperiBank:id/countryButton']"}[39m
[35m[HTTP][39m [37m<-- POST /wd/hub/session/870ec5d1-e291-4785-8dcc-8ba31065a846/elements [39m[32m200[39m [90m50 ms - 139[39m
[35m[HTTP][39m [90m[39m
[35m[HTTP][39m [37m-->[39m [37mGET[39m [37m/wd/hub/session/870ec5d1-e291-4785-8dcc-8ba31065a846/element/00000000-0000-0067-ffff-ffff00000034/location[39m
[35m[HTTP][39m [90m{}[39m
[35m[W3C (870ec5d1)][39m Driver proxy active, passing request on via HTTP proxy
[35m[WD Proxy][39m Replacing sessionId 44d56581-b7e0-43bb-ba79-1a54e2685c6a with 870ec5d1-e291-4785-8dcc-8ba31065a846
[35m[HTTP][39m [37m<-- GET /wd/hub/session/870ec5d1-e291-4785-8dcc-8ba31065a846/element/00000000-0000-0067-ffff-ffff00000034/location [39m[32m200[39m [90m10 ms - 80[39m
[35m[HTTP][39m [90m[39m
[35m[HTTP][39m [37m-->[39m [37mPOST[39m [37m/wd/hub/session/870ec5d1-e291-4785-8dcc-8ba31065a846/element/00000000-0000-0067-ffff-ffff00000034/click[39m
[35m[HTTP][39m [90m{"id":"00000000-0000-0067-ffff-ffff00000034"}[39m
[35m[HTTP][39m [37m<-- POST /wd/hub/session/870ec5d1-e291-4785-8dcc-8ba31065a846/element/00000000-0000-0067-ffff-ffff00000034/click [39m[32m200[39m [90m60 ms - 14[39m
[35m[HTTP][39m [90m[39m
[35m[HTTP][39m [37m-->[39m [37mGET[39m [37m/wd/hub/session/870ec5d1-e291-4785-8dcc-8ba31065a846/source[39m
[35m[HTTP][39m [90m{}[39m
[35m[W3C (870ec5d1)][39m Driver proxy active, passing request on via HTTP proxy
[35m[WD Proxy][39m Replacing sessionId 44d56581-b7e0-43bb-ba79-1a54e2685c6a with 870ec5d1-e291-4785-8dcc-8ba31065a846
[35m[HTTP][39m [37m<-- GET /wd/hub/session/870ec5d1-e291-4785-8dcc-8ba31065a846/source [39m[32m200[39m [90m213 ms - 10003[39m
[35m[HTTP][39m [90m[39m
[35m[HTTP][39m [37m-->[39m [37mGET[39m [37m/wd/hub/session/870ec5d1-e291-4785-8dcc-8ba31065a846/screenshot[39m
[35m[HTTP][39m [90m{}[39m
[35m[HTTP][39m [37m<-- GET /wd/hub/session/870ec5d1-e291-4785-8dcc-8ba31065a846/screenshot [39m[32m200[39m [90m308 ms - 159318[39m
[35m[HTTP][39m [90m[39m
[35m[HTTP][39m [37m-->[39m [37mPOST[39m [37m/wd/hub/session/870ec5d1-e291-4785-8dcc-8ba31065a846/elements[39m
[35m[HTTP][39m [90m{"using":"xpath","value":"//*[@class = 'android.widget.TextView' and (@text = 'India' or . = 'India') and @resource-id = 'com.experitest.ExperiBank:id/rowTextView']"}[39m
[35m[HTTP][39m [37m<-- POST /wd/hub/session/870ec5d1-e291-4785-8dcc-8ba31065a846/elements [39m[32m200[39m [90m53 ms - 139[39m
[35m[HTTP][39m [90m[39m
[35m[HTTP][39m [37m-->[39m [37mGET[39m [37m/wd/hub/session/870ec5d1-e291-4785-8dcc-8ba31065a846/window/rect[39m
[35m[HTTP][39m [90m{}[39m
[35m[HTTP][39m [37m<-- GET /wd/hub/session/870ec5d1-e291-4785-8dcc-8ba31065a846/window/rect [39m[32m200[39m [90m9 ms - 50[39m
[35m[HTTP][39m [90m[39m
[35m[HTTP][39m [37m-->[39m [37mPOST[39m [37m/wd/hub/session/870ec5d1-e291-4785-8dcc-8ba31065a846/elements[39m
[35m[HTTP][39m [90m{"using":"xpath","value":"//*[@class = 'android.widget.TextView' and (@text = 'India' or . = 'India') and @resource-id = 'com.experitest.ExperiBank:id/rowTextView']"}[39m
[35m[HTTP][39m [37m<-- POST /wd/hub/session/870ec5d1-e291-4785-8dcc-8ba31065a846/elements [39m[32m200[39m [90m56 ms - 139[39m
[35m[HTTP][39m [90m[39m
[35m[HTTP][39m [37m-->[39m [37mGET[39m [37m/wd/hub/session/870ec5d1-e291-4785-8dcc-8ba31065a846/element/00000000-0000-0068-ffff-ffff00000042/location[39m
[35m[HTTP][39m [90m{}[39m
[35m[W3C (870ec5d1)][39m Driver proxy active, passing request on via HTTP proxy
[35m[WD Proxy][39m Replacing sessionId 44d56581-b7e0-43bb-ba79-1a54e2685c6a with 870ec5d1-e291-4785-8dcc-8ba31065a846
[35m[HTTP][39m [37m<-- GET /wd/hub/session/870ec5d1-e291-4785-8dcc-8ba31065a846/element/00000000-0000-0068-ffff-ffff00000042/location [39m[32m200[39m [90m11 ms - 76[39m
[35m[HTTP][39m [90m[39m
[35m[HTTP][39m [37m-->[39m [37mPOST[39m [37m/wd/hub/session/870ec5d1-e291-4785-8dcc-8ba31065a846/element/00000000-0000-0068-ffff-ffff00000042/click[39m
[35m[HTTP][39m [90m{"id":"00000000-0000-0068-ffff-ffff00000042"}[39m
[35m[HTTP][39m [37m<-- POST /wd/hub/session/870ec5d1-e291-4785-8dcc-8ba31065a846/element/00000000-0000-0068-ffff-ffff00000042/click [39m[32m200[39m [90m1256 ms - 14[39m
[35m[HTTP][39m [90m[39m
[35m[HTTP][39m [37m-->[39m [37mGET[39m [37m/wd/hub/session/870ec5d1-e291-4785-8dcc-8ba31065a846/source[39m
[35m[HTTP][39m [90m{}[39m
[35m[W3C (870ec5d1)][39m Driver proxy active, passing request on via HTTP proxy
[35m[WD Proxy][39m Replacing sessionId 44d56581-b7e0-43bb-ba79-1a54e2685c6a with 870ec5d1-e291-4785-8dcc-8ba31065a846
[35m[HTTP][39m [37m<-- GET /wd/hub/session/870ec5d1-e291-4785-8dcc-8ba31065a846/source [39m[32m200[39m [90m41 ms - 9114[39m
[35m[HTTP][39m [90m[39m
[35m[HTTP][39m [37m-->[39m [37mGET[39m [37m/wd/hub/session/870ec5d1-e291-4785-8dcc-8ba31065a846/screenshot[39m
[35m[HTTP][39m [90m{}[39m
[35m[HTTP][39m [37m<-- GET /wd/hub/session/870ec5d1-e291-4785-8dcc-8ba31065a846/screenshot [39m[32m200[39m [90m366 ms - 361970[39m
[35m[HTTP][39m [90m[39m
[35m[HTTP][39m [37m-->[39m [37mPOST[39m [37m/wd/hub/session/870ec5d1-e291-4785-8dcc-8ba31065a846/elements[39m
[35m[HTTP][39m [90m{"using":"xpath","value":"//*[@class = 'android.widget.Button' and (@text = 'Send Payment' or . = 'Send Payment') and @resource-id = 'com.experitest.ExperiBank:id/sendPaymentButton']"}[39m
[35m[HTTP][39m [37m<-- POST /wd/hub/session/870ec5d1-e291-4785-8dcc-8ba31065a846/elements [39m[32m200[39m [90m54 ms - 139[39m
[35m[HTTP][39m [90m[39m
[35m[HTTP][39m [37m-->[39m [37mGET[39m [37m/wd/hub/session/870ec5d1-e291-4785-8dcc-8ba31065a846/window/rect[39m
[35m[HTTP][39m [90m{}[39m
[35m[HTTP][39m [37m<-- GET /wd/hub/session/870ec5d1-e291-4785-8dcc-8ba31065a846/window/rect [39m[32m200[39m [90m6 ms - 50[39m
[35m[HTTP][39m [90m[39m
[35m[HTTP][39m [37m-->[39m [37mPOST[39m [37m/wd/hub/session/870ec5d1-e291-4785-8dcc-8ba31065a846/elements[39m
[35m[HTTP][39m [90m{"using":"xpath","value":"//*[@class = 'android.widget.Button' and (@text = 'Send Payment' or . = 'Send Payment') and @resource-id = 'com.experitest.ExperiBank:id/sendPaymentButton']"}[39m
[35m[HTTP][39m [37m<-- POST /wd/hub/session/870ec5d1-e291-4785-8dcc-8ba31065a846/elements [39m[32m200[39m [90m56 ms - 139[39m
[35m[HTTP][39m [90m[39m
[35m[HTTP][39m [37m-->[39m [37mGET[39m [37m/wd/hub/session/870ec5d1-e291-4785-8dcc-8ba31065a846/element/00000000-0000-0067-ffff-ffff00000035/location[39m
[35m[HTTP][39m [90m{}[39m
[35m[W3C (870ec5d1)][39m Driver proxy active, passing request on via HTTP proxy
[35m[WD Proxy][39m Replacing sessionId 44d56581-b7e0-43bb-ba79-1a54e2685c6a with 870ec5d1-e291-4785-8dcc-8ba31065a846
[35m[HTTP][39m [37m<-- GET /wd/hub/session/870ec5d1-e291-4785-8dcc-8ba31065a846/element/00000000-0000-0067-ffff-ffff00000035/location [39m[32m200[39m [90m8 ms - 79[39m
[35m[HTTP][39m [90m[39m
[35m[HTTP][39m [37m-->[39m [37mPOST[39m [37m/wd/hub/session/870ec5d1-e291-4785-8dcc-8ba31065a846/element/00000000-0000-0067-ffff-ffff00000035/click[39m
[35m[HTTP][39m [90m{"id":"00000000-0000-0067-ffff-ffff00000035"}[39m
[35m[HTTP][39m [37m<-- POST /wd/hub/session/870ec5d1-e291-4785-8dcc-8ba31065a846/element/00000000-0000-0067-ffff-ffff00000035/click [39m[32m200[39m [90m76 ms - 14[39m
[35m[HTTP][39m [90m[39m
[35m[HTTP][39m [37m-->[39m [37mGET[39m [37m/wd/hub/session/870ec5d1-e291-4785-8dcc-8ba31065a846/source[39m
[35m[HTTP][39m [90m{}[39m
[35m[W3C (870ec5d1)][39m Driver proxy active, passing request on via HTTP proxy
[35m[WD Proxy][39m Replacing sessionId 44d56581-b7e0-43bb-ba79-1a54e2685c6a with 870ec5d1-e291-4785-8dcc-8ba31065a846
[35m[HTTP][39m [37m<-- GET /wd/hub/session/870ec5d1-e291-4785-8dcc-8ba31065a846/source [39m[32m200[39m [90m150 ms - 7360[39m
[35m[HTTP][39m [90m[39m
[35m[HTTP][39m [37m-->[39m [37mGET[39m [37m/wd/hub/session/870ec5d1-e291-4785-8dcc-8ba31065a846/screenshot[39m
[35m[HTTP][39m [90m{}[39m
[35m[HTTP][39m [37m<-- GET /wd/hub/session/870ec5d1-e291-4785-8dcc-8ba31065a846/screenshot [39m[32m200[39m [90m360 ms - 325272[39m
[35m[HTTP][39m [90m[39m
[35m[HTTP][39m [37m-->[39m [37mPOST[39m [37m/wd/hub/session/870ec5d1-e291-4785-8dcc-8ba31065a846/elements[39m
[35m[HTTP][39m [90m{"using":"xpath","value":"//*[@class = 'android.widget.Button' and (@text = 'Yes' or . = 'Yes') and @resource-id = 'android:id/button1']"}[39m
[35m[HTTP][39m [37m<-- POST /wd/hub/session/870ec5d1-e291-4785-8dcc-8ba31065a846/elements [39m[32m200[39m [90m31 ms - 139[39m
[35m[HTTP][39m [90m[39m
[35m[HTTP][39m [37m-->[39m [37mGET[39m [37m/wd/hub/session/870ec5d1-e291-4785-8dcc-8ba31065a846/window/rect[39m
[35m[HTTP][39m [90m{}[39m
[35m[HTTP][39m [37m<-- GET /wd/hub/session/870ec5d1-e291-4785-8dcc-8ba31065a846/window/rect [39m[32m200[39m [90m6 ms - 50[39m
[35m[HTTP][39m [90m[39m
[35m[HTTP][39m [37m-->[39m [37mPOST[39m [37m/wd/hub/session/870ec5d1-e291-4785-8dcc-8ba31065a846/elements[39m
[35m[HTTP][39m [90m{"using":"xpath","value":"//*[@class = 'android.widget.Button' and (@text = 'Yes' or . = 'Yes') and @resource-id = 'android:id/button1']"}[39m
[35m[HTTP][39m [37m<-- POST /wd/hub/session/870ec5d1-e291-4785-8dcc-8ba31065a846/elements [39m[32m200[39m [90m33 ms - 139[39m
[35m[HTTP][39m [90m[39m
[35m[HTTP][39m [37m-->[39m [37mGET[39m [37m/wd/hub/session/870ec5d1-e291-4785-8dcc-8ba31065a846/element/00000000-0000-0069-ffff-ffff00000061/location[39m
[35m[HTTP][39m [90m{}[39m
[35m[W3C (870ec5d1)][39m Driver proxy active, passing request on via HTTP proxy
[35m[WD Proxy][39m Replacing sessionId 44d56581-b7e0-43bb-ba79-1a54e2685c6a with 870ec5d1-e291-4785-8dcc-8ba31065a846
[35m[HTTP][39m [37m<-- GET /wd/hub/session/870ec5d1-e291-4785-8dcc-8ba31065a846/element/00000000-0000-0069-ffff-ffff00000061/location [39m[32m200[39m [90m10 ms - 79[39m
[35m[HTTP][39m [90m[39m
[35m[HTTP][39m [37m-->[39m [37mPOST[39m [37m/wd/hub/session/870ec5d1-e291-4785-8dcc-8ba31065a846/element/00000000-0000-0069-ffff-ffff00000061/click[39m
[35m[HTTP][39m [90m{"id":"00000000-0000-0069-ffff-ffff00000061"}[39m
[35m[HTTP][39m [37m<-- POST /wd/hub/session/870ec5d1-e291-4785-8dcc-8ba31065a846/element/00000000-0000-0069-ffff-ffff00000061/click [39m[32m200[39m [90m52 ms - 14[39m
[35m[HTTP][39m [90m[39m
[35m[HTTP][39m [37m-->[39m [37mGET[39m [37m/wd/hub/session/870ec5d1-e291-4785-8dcc-8ba31065a846/source[39m
[35m[HTTP][39m [90m{}[39m
[35m[W3C (870ec5d1)][39m Driver proxy active, passing request on via HTTP proxy
[35m[WD Proxy][39m Replacing sessionId 44d56581-b7e0-43bb-ba79-1a54e2685c6a with 870ec5d1-e291-4785-8dcc-8ba31065a846
[35m[HTTP][39m [37m<-- GET /wd/hub/session/870ec5d1-e291-4785-8dcc-8ba31065a846/source [39m[32m200[39m [90m779 ms - 8127[39m
[35m[HTTP][39m [90m[39m
[35m[HTTP][39m [37m-->[39m [37mGET[39m [37m/wd/hub/session/870ec5d1-e291-4785-8dcc-8ba31065a846/screenshot[39m
[35m[HTTP][39m [90m{}[39m
[35m[HTTP][39m [37m<-- GET /wd/hub/session/870ec5d1-e291-4785-8dcc-8ba31065a846/screenshot [39m[32m200[39m [90m427 ms - 411774[39m
[35m[HTTP][39m [90m[39m
[35m[HTTP][39m [37m-->[39m [37mPOST[39m [37m/wd/hub/session/870ec5d1-e291-4785-8dcc-8ba31065a846/elements[39m
[35m[HTTP][39m [90m{"using":"xpath","value":"//*[@class = 'android.widget.Button' and (@text = 'Logout' or . = 'Logout') and @resource-id = 'com.experitest.ExperiBank:id/logoutButton']"}[39m
[35m[HTTP][39m [37m<-- POST /wd/hub/session/870ec5d1-e291-4785-8dcc-8ba31065a846/elements [39m[32m200[39m [90m30 ms - 139[39m
[35m[HTTP][39m [90m[39m
[35m[HTTP][39m [37m-->[39m [37mGET[39m [37m/wd/hub/session/870ec5d1-e291-4785-8dcc-8ba31065a846/window/rect[39m
[35m[HTTP][39m [90m{}[39m
[35m[HTTP][39m [37m<-- GET /wd/hub/session/870ec5d1-e291-4785-8dcc-8ba31065a846/window/rect [39m[32m200[39m [90m5 ms - 50[39m
[35m[HTTP][39m [90m[39m
[35m[HTTP][39m [37m-->[39m [37mPOST[39m [37m/wd/hub/session/870ec5d1-e291-4785-8dcc-8ba31065a846/elements[39m
[35m[HTTP][39m [90m{"using":"xpath","value":"//*[@class = 'android.widget.Button' and (@text = 'Logout' or . = 'Logout') and @resource-id = 'com.experitest.ExperiBank:id/logoutButton']"}[39m
[35m[HTTP][39m [37m<-- POST /wd/hub/session/870ec5d1-e291-4785-8dcc-8ba31065a846/elements [39m[32m200[39m [90m40 ms - 139[39m
[35m[HTTP][39m [90m[39m
[35m[HTTP][39m [37m-->[39m [37mGET[39m [37m/wd/hub/session/870ec5d1-e291-4785-8dcc-8ba31065a846/element/00000000-0000-0066-ffff-ffff00000020/location[39m
[35m[HTTP][39m [90m{}[39m
[35m[W3C (870ec5d1)][39m Driver proxy active, passing request on via HTTP proxy
[35m[WD Proxy][39m Replacing sessionId 44d56581-b7e0-43bb-ba79-1a54e2685c6a with 870ec5d1-e291-4785-8dcc-8ba31065a846
[35m[HTTP][39m [37m<-- GET /wd/hub/session/870ec5d1-e291-4785-8dcc-8ba31065a846/element/00000000-0000-0066-ffff-ffff00000020/location [39m[32m200[39m [90m11 ms - 79[39m
[35m[HTTP][39m [90m[39m
[35m[HTTP][39m [37m-->[39m [37mPOST[39m [37m/wd/hub/session/870ec5d1-e291-4785-8dcc-8ba31065a846/element/00000000-0000-0066-ffff-ffff00000020/click[39m
[35m[HTTP][39m [90m{"id":"00000000-0000-0066-ffff-ffff00000020"}[39m
[35m[HTTP][39m [37m<-- POST /wd/hub/session/870ec5d1-e291-4785-8dcc-8ba31065a846/element/00000000-0000-0066-ffff-ffff00000020/click [39m[32m200[39m [90m59 ms - 14[39m
[35m[HTTP][39m [90m[39m
[35m[HTTP][39m [37m-->[39m [37mGET[39m [37m/wd/hub/session/870ec5d1-e291-4785-8dcc-8ba31065a846/source[39m
[35m[HTTP][39m [90m{}[39m
[35m[W3C (870ec5d1)][39m Driver proxy active, passing request on via HTTP proxy
[35m[WD Proxy][39m Replacing sessionId 44d56581-b7e0-43bb-ba79-1a54e2685c6a with 870ec5d1-e291-4785-8dcc-8ba31065a846
[35m[HTTP][39m [37m<-- GET /wd/hub/session/870ec5d1-e291-4785-8dcc-8ba31065a846/source [39m[32m200[39m [90m275 ms - 6837[39m
[35m[HTTP][39m [90m[39m
[35m[HTTP][39m [37m-->[39m [37mGET[39m [37m/wd/hub/session/870ec5d1-e291-4785-8dcc-8ba31065a846/screenshot[39m
[35m[HTTP][39m [90m{}[39m
[35m[HTTP][39m [37m<-- GET /wd/hub/session/870ec5d1-e291-4785-8dcc-8ba31065a846/screenshot [39m[32m200[39m [90m360 ms - 351944[39m
[35m[HTTP][39m [90m[39m
[35m[HTTP][39m [37m-->[39m [37mDELETE[39m [37m/wd/hub/session/870ec5d1-e291-4785-8dcc-8ba31065a846[39m
[35m[HTTP][39m [90m{}[39m
[35m[Appium][39m Removing session 870ec5d1-e291-4785-8dcc-8ba31065a846 from our master session list
[35m[UiAutomator2][39m Restoring hidden api policy to the device default configuration
[35m[HTTP][39m [37m<-- DELETE /wd/hub/session/870ec5d1-e291-4785-8dcc-8ba31065a846 [39m[32m200[39m [90m188 ms - 14[39m
[35m[HTTP][39m [90m[39m
